1576678947513	mozrunner::runner	INFO	Running command: "/usr/bin/firefox" "-marionette" "-foreground" "-no-remote" "-profile" "/tmp/rust_mozprofileqGybnm"
1576678948074	addons.webextension.screenshots@mozilla.org	WARN	Loading extension 'screenshots@mozilla.org': Reading manifest: Invalid extension permission: mozillaAddons
1576678948074	addons.webextension.screenshots@mozilla.org	WARN	Loading extension 'screenshots@mozilla.org': Reading manifest: Invalid extension permission: telemetry
1576678948075	addons.webextension.screenshots@mozilla.org	WARN	Loading extension 'screenshots@mozilla.org': Reading manifest: Invalid extension permission: resource://pdf.js/
1576678948075	addons.webextension.screenshots@mozilla.org	WARN	Loading extension 'screenshots@mozilla.org': Reading manifest: Invalid extension permission: about:reader*

(firefox:5545): Gtk-WARNING **: 15:22:28.415: Theme directory places/22 of theme light has no size field


(firefox:5545): Gtk-WARNING **: 15:22:28.415: Theme directory places/24 of theme light has no size field

1576678949882	Marionette	INFO	Listening on port 40649
1576678949922	Marionette	WARN	TLS certificate errors will be ignored for this session
1576679139778	mozrunner::runner	INFO	Running command: "/usr/bin/firefox" "-marionette" "-foreground" "-no-remote" "-profile" "/tmp/rust_mozprofileQhsUGt"
1576679140343	addons.webextension.screenshots@mozilla.org	WARN	Loading extension 'screenshots@mozilla.org': Reading manifest: Invalid extension permission: mozillaAddons
1576679140343	addons.webextension.screenshots@mozilla.org	WARN	Loading extension 'screenshots@mozilla.org': Reading manifest: Invalid extension permission: telemetry
1576679140344	addons.webextension.screenshots@mozilla.org	WARN	Loading extension 'screenshots@mozilla.org': Reading manifest: Invalid extension permission: resource://pdf.js/
1576679140344	addons.webextension.screenshots@mozilla.org	WARN	Loading extension 'screenshots@mozilla.org': Reading manifest: Invalid extension permission: about:reader*

(firefox:5903): Gtk-WARNING **: 15:25:40.678: Theme directory places/22 of theme light has no size field


(firefox:5903): Gtk-WARNING **: 15:25:40.678: Theme directory places/24 of theme light has no size field

1576679142126	Marionette	INFO	Listening on port 43895
1576679142185	Marionette	WARN	TLS certificate errors will be ignored for this session
1576679148339	Marionette	INFO	Stopped listening on port 43895
1576679197901	mozrunner::runner	INFO	Running command: "/usr/bin/firefox" "-marionette" "-foreground" "-no-remote" "-profile" "/tmp/rust_mozprofilewX6PkH"
1576679198467	addons.webextension.screenshots@mozilla.org	WARN	Loading extension 'screenshots@mozilla.org': Reading manifest: Invalid extension permission: mozillaAddons
1576679198467	addons.webextension.screenshots@mozilla.org	WARN	Loading extension 'screenshots@mozilla.org': Reading manifest: Invalid extension permission: telemetry
1576679198467	addons.webextension.screenshots@mozilla.org	WARN	Loading extension 'screenshots@mozilla.org': Reading manifest: Invalid extension permission: resource://pdf.js/
1576679198467	addons.webextension.screenshots@mozilla.org	WARN	Loading extension 'screenshots@mozilla.org': Reading manifest: Invalid extension permission: about:reader*

(firefox:6130): Gtk-WARNING **: 15:26:38.811: Theme directory places/22 of theme light has no size field


(firefox:6130): Gtk-WARNING **: 15:26:38.812: Theme directory places/24 of theme light has no size field

1576679200282	Marionette	INFO	Listening on port 33929
1576679200313	Marionette	WARN	TLS certificate errors will be ignored for this session
[Parent 6130, Gecko_IOThread] WARNING: pipe error (77): Connection reset by peer: file /build/firefox-AWfb_V/firefox-71.0+build5/ipc/chromium/src/chrome/common/ipc_channel_posix.cc, line 358
[Parent 6130, Gecko_IOThread] WARNING: pipe error (76): Connection reset by peer: file /build/firefox-AWfb_V/firefox-71.0+build5/ipc/chromium/src/chrome/common/ipc_channel_posix.cc, line 358
1576679254400	Marionette	INFO	Stopped listening on port 33929
1576679301343	mozrunner::runner	INFO	Running command: "/usr/bin/firefox" "-marionette" "-foreground" "-no-remote" "-profile" "/tmp/rust_mozprofileAagHFZ"
1576679301911	addons.webextension.screenshots@mozilla.org	WARN	Loading extension 'screenshots@mozilla.org': Reading manifest: Invalid extension permission: mozillaAddons
1576679301911	addons.webextension.screenshots@mozilla.org	WARN	Loading extension 'screenshots@mozilla.org': Reading manifest: Invalid extension permission: telemetry
1576679301911	addons.webextension.screenshots@mozilla.org	WARN	Loading extension 'screenshots@mozilla.org': Reading manifest: Invalid extension permission: resource://pdf.js/
1576679301911	addons.webextension.screenshots@mozilla.org	WARN	Loading extension 'screenshots@mozilla.org': Reading manifest: Invalid extension permission: about:reader*

(firefox:6373): Gtk-WARNING **: 15:28:22.246: Theme directory places/22 of theme light has no size field


(firefox:6373): Gtk-WARNING **: 15:28:22.246: Theme directory places/24 of theme light has no size field

1576679303721	Marionette	INFO	Listening on port 41859
1576679303754	Marionette	WARN	TLS certificate errors will be ignored for this session
1576679809996	mozrunner::runner	INFO	Running command: "/usr/bin/firefox" "-marionette" "-foreground" "-no-remote" "-profile" "/tmp/rust_mozprofileZuQ98S"
1576679810560	addons.webextension.screenshots@mozilla.org	WARN	Loading extension 'screenshots@mozilla.org': Reading manifest: Invalid extension permission: mozillaAddons
1576679810560	addons.webextension.screenshots@mozilla.org	WARN	Loading extension 'screenshots@mozilla.org': Reading manifest: Invalid extension permission: telemetry
1576679810561	addons.webextension.screenshots@mozilla.org	WARN	Loading extension 'screenshots@mozilla.org': Reading manifest: Invalid extension permission: resource://pdf.js/
1576679810561	addons.webextension.screenshots@mozilla.org	WARN	Loading extension 'screenshots@mozilla.org': Reading manifest: Invalid extension permission: about:reader*

(firefox:6947): Gtk-WARNING **: 15:36:50.899: Theme directory places/22 of theme light has no size field


(firefox:6947): Gtk-WARNING **: 15:36:50.899: Theme directory places/24 of theme light has no size field

1576679812423	Marionette	INFO	Listening on port 33123
1576679812504	Marionette	WARN	TLS certificate errors will be ignored for this session
[Parent 6947, Gecko_IOThread] WARNING: pipe error (189): Connection reset by peer: file /build/firefox-AWfb_V/firefox-71.0+build5/ipc/chromium/src/chrome/common/ipc_channel_posix.cc, line 358
1576679838580	Marionette	INFO	Stopped listening on port 33123
1576680068220	mozrunner::runner	INFO	Running command: "/usr/bin/firefox" "-marionette" "-foreground" "-no-remote" "-profile" "/tmp/rust_mozprofilegrv6NM"
1576680068803	addons.webextension.screenshots@mozilla.org	WARN	Loading extension 'screenshots@mozilla.org': Reading manifest: Invalid extension permission: mozillaAddons
1576680068803	addons.webextension.screenshots@mozilla.org	WARN	Loading extension 'screenshots@mozilla.org': Reading manifest: Invalid extension permission: telemetry
1576680068803	addons.webextension.screenshots@mozilla.org	WARN	Loading extension 'screenshots@mozilla.org': Reading manifest: Invalid extension permission: resource://pdf.js/
1576680068804	addons.webextension.screenshots@mozilla.org	WARN	Loading extension 'screenshots@mozilla.org': Reading manifest: Invalid extension permission: about:reader*

(firefox:7568): Gtk-WARNING **: 15:41:09.137: Theme directory places/22 of theme light has no size field


(firefox:7568): Gtk-WARNING **: 15:41:09.137: Theme directory places/24 of theme light has no size field

1576680070617	Marionette	INFO	Listening on port 41237
1576680070651	Marionette	WARN	TLS certificate errors will be ignored for this session
[Parent 7568, Gecko_IOThread] WARNING: pipe error (76): Connection reset by peer: file /build/firefox-AWfb_V/firefox-71.0+build5/ipc/chromium/src/chrome/common/ipc_channel_posix.cc, line 358
[Parent 7568, Gecko_IOThread] WARNING: pipe error (79): Connection reset by peer: file /build/firefox-AWfb_V/firefox-71.0+build5/ipc/chromium/src/chrome/common/ipc_channel_posix.cc, line 358
1576680171729	Marionette	INFO	Stopped listening on port 41237
1576680178385	mozrunner::runner	INFO	Running command: "/usr/bin/firefox" "-marionette" "-foreground" "-no-remote" "-profile" "/tmp/rust_mozprofile5uCwzt"
1576680178974	addons.webextension.screenshots@mozilla.org	WARN	Loading extension 'screenshots@mozilla.org': Reading manifest: Invalid extension permission: mozillaAddons
1576680178974	addons.webextension.screenshots@mozilla.org	WARN	Loading extension 'screenshots@mozilla.org': Reading manifest: Invalid extension permission: telemetry
1576680178974	addons.webextension.screenshots@mozilla.org	WARN	Loading extension 'screenshots@mozilla.org': Reading manifest: Invalid extension permission: resource://pdf.js/
1576680178974	addons.webextension.screenshots@mozilla.org	WARN	Loading extension 'screenshots@mozilla.org': Reading manifest: Invalid extension permission: about:reader*

(firefox:7895): Gtk-WARNING **: 15:42:59.325: Theme directory places/22 of theme light has no size field


(firefox:7895): Gtk-WARNING **: 15:42:59.325: Theme directory places/24 of theme light has no size field

1576680180852	Marionette	INFO	Listening on port 44463
1576680180928	Marionette	WARN	TLS certificate errors will be ignored for this session
1576680200577	Marionette	INFO	Stopped listening on port 44463
1576680304980	mozrunner::runner	INFO	Running command: "/usr/bin/firefox" "-marionette" "-foreground" "-no-remote" "-profile" "/tmp/rust_mozprofileIO4IU3"
1576680305568	addons.webextension.screenshots@mozilla.org	WARN	Loading extension 'screenshots@mozilla.org': Reading manifest: Invalid extension permission: mozillaAddons
1576680305568	addons.webextension.screenshots@mozilla.org	WARN	Loading extension 'screenshots@mozilla.org': Reading manifest: Invalid extension permission: telemetry
1576680305568	addons.webextension.screenshots@mozilla.org	WARN	Loading extension 'screenshots@mozilla.org': Reading manifest: Invalid extension permission: resource://pdf.js/
1576680305568	addons.webextension.screenshots@mozilla.org	WARN	Loading extension 'screenshots@mozilla.org': Reading manifest: Invalid extension permission: about:reader*

(firefox:8259): Gtk-WARNING **: 15:45:05.914: Theme directory places/22 of theme light has no size field


(firefox:8259): Gtk-WARNING **: 15:45:05.914: Theme directory places/24 of theme light has no size field

1576680305986	mozrunner::runner	INFO	Running command: "/usr/bin/firefox" "-marionette" "-foreground" "-no-remote" "-profile" "/tmp/rust_mozprofileF42J5g"
1576680306576	addons.webextension.screenshots@mozilla.org	WARN	Loading extension 'screenshots@mozilla.org': Reading manifest: Invalid extension permission: mozillaAddons
1576680306576	addons.webextension.screenshots@mozilla.org	WARN	Loading extension 'screenshots@mozilla.org': Reading manifest: Invalid extension permission: telemetry
1576680306576	addons.webextension.screenshots@mozilla.org	WARN	Loading extension 'screenshots@mozilla.org': Reading manifest: Invalid extension permission: resource://pdf.js/
1576680306576	addons.webextension.screenshots@mozilla.org	WARN	Loading extension 'screenshots@mozilla.org': Reading manifest: Invalid extension permission: about:reader*

(firefox:8314): Gtk-WARNING **: 15:45:06.924: Theme directory places/22 of theme light has no size field


(firefox:8314): Gtk-WARNING **: 15:45:06.924: Theme directory places/24 of theme light has no size field

1576680306989	mozrunner::runner	INFO	Running command: "/usr/bin/firefox" "-marionette" "-foreground" "-no-remote" "-profile" "/tmp/rust_mozprofiletLXM4m"
1576680307647	addons.webextension.screenshots@mozilla.org	WARN	Loading extension 'screenshots@mozilla.org': Reading manifest: Invalid extension permission: mozillaAddons
1576680307647	addons.webextension.screenshots@mozilla.org	WARN	Loading extension 'screenshots@mozilla.org': Reading manifest: Invalid extension permission: telemetry
1576680307647	addons.webextension.screenshots@mozilla.org	WARN	Loading extension 'screenshots@mozilla.org': Reading manifest: Invalid extension permission: resource://pdf.js/
1576680307647	addons.webextension.screenshots@mozilla.org	WARN	Loading extension 'screenshots@mozilla.org': Reading manifest: Invalid extension permission: about:reader*
1576680307830	Marionette	INFO	Listening on port 43629
1576680307893	Marionette	WARN	TLS certificate errors will be ignored for this session
1576680307988	mozrunner::runner	INFO	Running command: "/usr/bin/firefox" "-marionette" "-foreground" "-no-remote" "-profile" "/tmp/rust_mozprofileGPhe66"
1576680307989	mozrunner::runner	INFO	Running command: "/usr/bin/firefox" "-marionette" "-foreground" "-no-remote" "-profile" "/tmp/rust_mozprofileSu1dBH"

(firefox:8477): Gtk-WARNING **: 15:45:08.110: Theme directory places/22 of theme light has no size field


(firefox:8477): Gtk-WARNING **: 15:45:08.110: Theme directory places/24 of theme light has no size field

1576680308740	addons.webextension.screenshots@mozilla.org	WARN	Loading extension 'screenshots@mozilla.org': Reading manifest: Invalid extension permission: mozillaAddons
1576680308740	addons.webextension.screenshots@mozilla.org	WARN	Loading extension 'screenshots@mozilla.org': Reading manifest: Invalid extension permission: telemetry
1576680308740	addons.webextension.screenshots@mozilla.org	WARN	Loading extension 'screenshots@mozilla.org': Reading manifest: Invalid extension permission: resource://pdf.js/
1576680308740	addons.webextension.screenshots@mozilla.org	WARN	Loading extension 'screenshots@mozilla.org': Reading manifest: Invalid extension permission: about:reader*
1576680308769	addons.webextension.screenshots@mozilla.org	WARN	Loading extension 'screenshots@mozilla.org': Reading manifest: Invalid extension permission: mozillaAddons
1576680308770	addons.webextension.screenshots@mozilla.org	WARN	Loading extension 'screenshots@mozilla.org': Reading manifest: Invalid extension permission: telemetry
1576680308770	addons.webextension.screenshots@mozilla.org	WARN	Loading extension 'screenshots@mozilla.org': Reading manifest: Invalid extension permission: resource://pdf.js/
1576680308770	addons.webextension.screenshots@mozilla.org	WARN	Loading extension 'screenshots@mozilla.org': Reading manifest: Invalid extension permission: about:reader*
1576680308899	Marionette	INFO	Listening on port 45777
1576680308993	Marionette	WARN	TLS certificate errors will be ignored for this session

(firefox:8664): Gtk-WARNING **: 15:45:09.187: Theme directory places/22 of theme light has no size field


(firefox:8664): Gtk-WARNING **: 15:45:09.187: Theme directory places/24 of theme light has no size field


(firefox:8663): Gtk-WARNING **: 15:45:09.198: Theme directory places/22 of theme light has no size field


(firefox:8663): Gtk-WARNING **: 15:45:09.199: Theme directory places/24 of theme light has no size field

1576680309993	mozrunner::runner	INFO	Running command: "/usr/bin/firefox" "-marionette" "-foreground" "-no-remote" "-profile" "/tmp/rust_mozprofileWrCBrg"
1576680310235	Marionette	INFO	Listening on port 45137
1576680310304	Marionette	WARN	TLS certificate errors will be ignored for this session
1576680310979	addons.webextension.screenshots@mozilla.org	WARN	Loading extension 'screenshots@mozilla.org': Reading manifest: Invalid extension permission: mozillaAddons
1576680310980	addons.webextension.screenshots@mozilla.org	WARN	Loading extension 'screenshots@mozilla.org': Reading manifest: Invalid extension permission: telemetry
1576680310981	addons.webextension.screenshots@mozilla.org	WARN	Loading extension 'screenshots@mozilla.org': Reading manifest: Invalid extension permission: resource://pdf.js/
1576680310981	addons.webextension.screenshots@mozilla.org	WARN	Loading extension 'screenshots@mozilla.org': Reading manifest: Invalid extension permission: about:reader*
1576680310999	mozrunner::runner	INFO	Running command: "/usr/bin/firefox" "-marionette" "-foreground" "-no-remote" "-profile" "/tmp/rust_mozprofilesaIH0v"

(firefox:9011): Gtk-WARNING **: 15:45:11.475: Theme directory places/22 of theme light has no size field


(firefox:9011): Gtk-WARNING **: 15:45:11.475: Theme directory places/24 of theme light has no size field

1576680311739	Marionette	INFO	Listening on port 39627
1576680311810	Marionette	WARN	TLS certificate errors will be ignored for this session
1576680311812	Marionette	INFO	Listening on port 45585
1576680311902	Marionette	WARN	TLS certificate errors will be ignored for this session
1576680311945	addons.webextension.screenshots@mozilla.org	WARN	Loading extension 'screenshots@mozilla.org': Reading manifest: Invalid extension permission: mozillaAddons
1576680311945	addons.webextension.screenshots@mozilla.org	WARN	Loading extension 'screenshots@mozilla.org': Reading manifest: Invalid extension permission: telemetry
1576680311945	addons.webextension.screenshots@mozilla.org	WARN	Loading extension 'screenshots@mozilla.org': Reading manifest: Invalid extension permission: resource://pdf.js/
1576680311946	addons.webextension.screenshots@mozilla.org	WARN	Loading extension 'screenshots@mozilla.org': Reading manifest: Invalid extension permission: about:reader*
1576680312002	mozrunner::runner	INFO	Running command: "/usr/bin/firefox" "-marionette" "-foreground" "-no-remote" "-profile" "/tmp/rust_mozprofile9LjI2f"

(firefox:9257): Gtk-WARNING **: 15:45:12.516: Theme directory places/22 of theme light has no size field


(firefox:9257): Gtk-WARNING **: 15:45:12.516: Theme directory places/24 of theme light has no size field

1576680313017	mozrunner::runner	INFO	Running command: "/usr/bin/firefox" "-marionette" "-foreground" "-no-remote" "-profile" "/tmp/rust_mozprofilemcCCJc"
1576680313249	addons.webextension.screenshots@mozilla.org	WARN	Loading extension 'screenshots@mozilla.org': Reading manifest: Invalid extension permission: mozillaAddons
1576680313250	addons.webextension.screenshots@mozilla.org	WARN	Loading extension 'screenshots@mozilla.org': Reading manifest: Invalid extension permission: telemetry
1576680313250	addons.webextension.screenshots@mozilla.org	WARN	Loading extension 'screenshots@mozilla.org': Reading manifest: Invalid extension permission: resource://pdf.js/
1576680313250	addons.webextension.screenshots@mozilla.org	WARN	Loading extension 'screenshots@mozilla.org': Reading manifest: Invalid extension permission: about:reader*

(firefox:9365): Gtk-WARNING **: 15:45:13.977: Theme directory places/22 of theme light has no size field


(firefox:9365): Gtk-WARNING **: 15:45:13.977: Theme directory places/24 of theme light has no size field

1576680314030	mozrunner::runner	INFO	Running command: "/usr/bin/firefox" "-marionette" "-foreground" "-no-remote" "-profile" "/tmp/rust_mozprofileX4UthL"
1576680314578	addons.webextension.screenshots@mozilla.org	WARN	Loading extension 'screenshots@mozilla.org': Reading manifest: Invalid extension permission: mozillaAddons
1576680314580	addons.webextension.screenshots@mozilla.org	WARN	Loading extension 'screenshots@mozilla.org': Reading manifest: Invalid extension permission: telemetry
1576680314580	addons.webextension.screenshots@mozilla.org	WARN	Loading extension 'screenshots@mozilla.org': Reading manifest: Invalid extension permission: resource://pdf.js/
1576680314580	addons.webextension.screenshots@mozilla.org	WARN	Loading extension 'screenshots@mozilla.org': Reading manifest: Invalid extension permission: about:reader*
1576680314917	Marionette	INFO	Listening on port 46769
1576680315028	Marionette	WARN	TLS certificate errors will be ignored for this session

(firefox:9560): Gtk-WARNING **: 15:45:15.412: Theme directory places/22 of theme light has no size field


(firefox:9560): Gtk-WARNING **: 15:45:15.412: Theme directory places/24 of theme light has no size field

1576680315633	addons.webextension.screenshots@mozilla.org	WARN	Loading extension 'screenshots@mozilla.org': Reading manifest: Invalid extension permission: mozillaAddons
1576680315633	addons.webextension.screenshots@mozilla.org	WARN	Loading extension 'screenshots@mozilla.org': Reading manifest: Invalid extension permission: telemetry
1576680315634	addons.webextension.screenshots@mozilla.org	WARN	Loading extension 'screenshots@mozilla.org': Reading manifest: Invalid extension permission: resource://pdf.js/
1576680315634	addons.webextension.screenshots@mozilla.org	WARN	Loading extension 'screenshots@mozilla.org': Reading manifest: Invalid extension permission: about:reader*

(firefox:9728): Gtk-WARNING **: 15:45:16.553: Theme directory places/22 of theme light has no size field


(firefox:9728): Gtk-WARNING **: 15:45:16.553: Theme directory places/24 of theme light has no size field

1576680316716	Marionette	INFO	Listening on port 37147
1576680316748	Marionette	WARN	TLS certificate errors will be ignored for this session
1576680318473	Marionette	INFO	Listening on port 39773
1576680318554	Marionette	WARN	TLS certificate errors will be ignored for this session
1576680319777	Marionette	INFO	Listening on port 33693
1576680319859	Marionette	WARN	TLS certificate errors will be ignored for this session
1576680320707	Marionette	INFO	Listening on port 42205
1576680320783	Marionette	WARN	TLS certificate errors will be ignored for this session
1576682434047	Marionette	INFO	Stopped listening on port 45777
IPDL protocol error: Handler returned error code!

###!!! [Parent][DispatchAsyncMessage] Error: PLayerTransaction::Msg_ReleaseLayer Processing error: message was deserialized, but the handler returned false (indicating failure)

[Parent 8314, Gecko_IOThread] WARNING: pipe error (76): Connection reset by peer: file /build/firefox-AWfb_V/firefox-71.0+build5/ipc/chromium/src/chrome/common/ipc_channel_posix.cc, line 358
1576682728836	Marionette	INFO	Stopped listening on port 33693
[Parent 9560, Gecko_IOThread] WARNING: pipe error (76): Connection reset by peer: file /build/firefox-AWfb_V/firefox-71.0+build5/ipc/chromium/src/chrome/common/ipc_channel_posix.cc, line 358
[Parent 9560, Gecko_IOThread] WARNING: pipe error (155): Connection reset by peer: file /build/firefox-AWfb_V/firefox-71.0+build5/ipc/chromium/src/chrome/common/ipc_channel_posix.cc, line 358
[Parent 9560, Gecko_IOThread] WARNING: pipe error (77): Connection reset by peer: file /build/firefox-AWfb_V/firefox-71.0+build5/ipc/chromium/src/chrome/common/ipc_channel_posix.cc, line 358
1576682900626	Marionette	INFO	Stopped listening on port 46769
IPDL protocol error: Handler returned error code!

###!!! [Parent][DispatchAsyncMessage] Error: PLayerTransaction::Msg_ReleaseLayer Processing error: message was deserialized, but the handler returned false (indicating failure)

[Parent 9011, Gecko_IOThread] WARNING: pipe error (76): Connection reset by peer: file /build/firefox-AWfb_V/firefox-71.0+build5/ipc/chromium/src/chrome/common/ipc_channel_posix.cc, line 358
1576683100787	Marionette	INFO	Stopped listening on port 45585
IPDL protocol error: Handler returned error code!

###!!! [Parent][DispatchAsyncMessage] Error: PLayerTransaction::Msg_ReleaseLayer Processing error: message was deserialized, but the handler returned false (indicating failure)

[Parent 8664, Gecko_IOThread] WARNING: pipe error (76): Connection reset by peer: file /build/firefox-AWfb_V/firefox-71.0+build5/ipc/chromium/src/chrome/common/ipc_channel_posix.cc, line 358
1576683232284	Marionette	INFO	Stopped listening on port 43629
IPDL protocol error: Handler returned error code!

###!!! [Parent][DispatchAsyncMessage] Error: PLayerTransaction::Msg_ReleaseLayer Processing error: message was deserialized, but the handler returned false (indicating failure)


###!!! [Child][RunMessage] Error: Channel closing: too late to send/recv, messages will be lost

[Child 8385, Chrome_ChildThread] WARNING: pipe error: Broken pipe: file /build/firefox-AWfb_V/firefox-71.0+build5/ipc/chromium/src/chrome/common/ipc_channel_posix.cc, line 728

###!!! [Child][RunMessage] Error: Channel closing: too late to send/recv, messages will be lost

[Parent 8259, Gecko_IOThread] WARNING: pipe error (76): Connection reset by peer: file /build/firefox-AWfb_V/firefox-71.0+build5/ipc/chromium/src/chrome/common/ipc_channel_posix.cc, line 358
1576683843307	Marionette	INFO	Stopped listening on port 37147
[Parent 9257, Gecko_IOThread] WARNING: pipe error (79): Connection reset by peer: file /build/firefox-AWfb_V/firefox-71.0+build5/ipc/chromium/src/chrome/common/ipc_channel_posix.cc, line 358
1576683855083	Marionette	INFO	Stopped listening on port 39627
[Parent 8663, Gecko_IOThread] WARNING: pipe error (76): Connection reset by peer: file /build/firefox-AWfb_V/firefox-71.0+build5/ipc/chromium/src/chrome/common/ipc_channel_posix.cc, line 358
1576684331085	Marionette	INFO	Stopped listening on port 39773
[Parent 9365, Gecko_IOThread] WARNING: pipe error (77): Connection reset by peer: file /build/firefox-AWfb_V/firefox-71.0+build5/ipc/chromium/src/chrome/common/ipc_channel_posix.cc, line 358
1576685158282	Marionette	INFO	Stopped listening on port 45137
[Parent 8477, Gecko_IOThread] WARNING: pipe error (93): Connection reset by peer: file /build/firefox-AWfb_V/firefox-71.0+build5/ipc/chromium/src/chrome/common/ipc_channel_posix.cc, line 358
1576685740568	Marionette	INFO	Stopped listening on port 42205
[Parent 9728, Gecko_IOThread] WARNING: pipe error (77): Connection reset by peer: file /build/firefox-AWfb_V/firefox-71.0+build5/ipc/chromium/src/chrome/common/ipc_channel_posix.cc, line 358
1576699578555	mozrunner::runner	INFO	Running command: "/usr/bin/firefox" "-marionette" "-foreground" "-no-remote" "-profile" "/tmp/rust_mozprofileqzcuHP"
1576699579183	addons.webextension.screenshots@mozilla.org	WARN	Loading extension 'screenshots@mozilla.org': Reading manifest: Invalid extension permission: mozillaAddons
1576699579183	addons.webextension.screenshots@mozilla.org	WARN	Loading extension 'screenshots@mozilla.org': Reading manifest: Invalid extension permission: telemetry
1576699579183	addons.webextension.screenshots@mozilla.org	WARN	Loading extension 'screenshots@mozilla.org': Reading manifest: Invalid extension permission: resource://pdf.js/
1576699579183	addons.webextension.screenshots@mozilla.org	WARN	Loading extension 'screenshots@mozilla.org': Reading manifest: Invalid extension permission: about:reader*
1576699579547	mozrunner::runner	INFO	Running command: "/usr/bin/firefox" "-marionette" "-foreground" "-no-remote" "-profile" "/tmp/rust_mozprofileoCGhcX"

(firefox:18864): Gtk-WARNING **: 21:06:19.548: Theme directory places/22 of theme light has no size field


(firefox:18864): Gtk-WARNING **: 21:06:19.548: Theme directory places/24 of theme light has no size field

1576699580140	addons.webextension.screenshots@mozilla.org	WARN	Loading extension 'screenshots@mozilla.org': Reading manifest: Invalid extension permission: mozillaAddons
1576699580141	addons.webextension.screenshots@mozilla.org	WARN	Loading extension 'screenshots@mozilla.org': Reading manifest: Invalid extension permission: telemetry
1576699580141	addons.webextension.screenshots@mozilla.org	WARN	Loading extension 'screenshots@mozilla.org': Reading manifest: Invalid extension permission: resource://pdf.js/
1576699580141	addons.webextension.screenshots@mozilla.org	WARN	Loading extension 'screenshots@mozilla.org': Reading manifest: Invalid extension permission: about:reader*

(firefox:18921): Gtk-WARNING **: 21:06:20.484: Theme directory places/22 of theme light has no size field


(firefox:18921): Gtk-WARNING **: 21:06:20.484: Theme directory places/24 of theme light has no size field

1576699580549	mozrunner::runner	INFO	Running command: "/usr/bin/firefox" "-marionette" "-foreground" "-no-remote" "-profile" "/tmp/rust_mozprofile3JXJUN"
1576699581263	addons.webextension.screenshots@mozilla.org	WARN	Loading extension 'screenshots@mozilla.org': Reading manifest: Invalid extension permission: mozillaAddons
1576699581264	addons.webextension.screenshots@mozilla.org	WARN	Loading extension 'screenshots@mozilla.org': Reading manifest: Invalid extension permission: telemetry
1576699581264	addons.webextension.screenshots@mozilla.org	WARN	Loading extension 'screenshots@mozilla.org': Reading manifest: Invalid extension permission: resource://pdf.js/
1576699581264	addons.webextension.screenshots@mozilla.org	WARN	Loading extension 'screenshots@mozilla.org': Reading manifest: Invalid extension permission: about:reader*
1576699581438	Marionette	INFO	Listening on port 41811
1576699581466	Marionette	WARN	TLS certificate errors will be ignored for this session
1576699581558	mozrunner::runner	INFO	Running command: "/usr/bin/firefox" "-marionette" "-foreground" "-no-remote" "-profile" "/tmp/rust_mozprofilenyywdq"

(firefox:19077): Gtk-WARNING **: 21:06:21.647: Theme directory places/22 of theme light has no size field


(firefox:19077): Gtk-WARNING **: 21:06:21.647: Theme directory places/24 of theme light has no size field

1576699582275	addons.webextension.screenshots@mozilla.org	WARN	Loading extension 'screenshots@mozilla.org': Reading manifest: Invalid extension permission: mozillaAddons
1576699582275	addons.webextension.screenshots@mozilla.org	WARN	Loading extension 'screenshots@mozilla.org': Reading manifest: Invalid extension permission: telemetry
1576699582275	addons.webextension.screenshots@mozilla.org	WARN	Loading extension 'screenshots@mozilla.org': Reading manifest: Invalid extension permission: resource://pdf.js/
1576699582276	addons.webextension.screenshots@mozilla.org	WARN	Loading extension 'screenshots@mozilla.org': Reading manifest: Invalid extension permission: about:reader*
1576699582292	Marionette	INFO	Listening on port 38049
1576699582367	Marionette	WARN	TLS certificate errors will be ignored for this session
1576699582557	mozrunner::runner	INFO	Running command: "/usr/bin/firefox" "-marionette" "-foreground" "-no-remote" "-profile" "/tmp/rust_mozprofileQCpM0l"

(firefox:19250): Gtk-WARNING **: 21:06:22.703: Theme directory places/22 of theme light has no size field


(firefox:19250): Gtk-WARNING **: 21:06:22.703: Theme directory places/24 of theme light has no size field

1576699583330	addons.webextension.screenshots@mozilla.org	WARN	Loading extension 'screenshots@mozilla.org': Reading manifest: Invalid extension permission: mozillaAddons
1576699583330	addons.webextension.screenshots@mozilla.org	WARN	Loading extension 'screenshots@mozilla.org': Reading manifest: Invalid extension permission: telemetry
1576699583330	addons.webextension.screenshots@mozilla.org	WARN	Loading extension 'screenshots@mozilla.org': Reading manifest: Invalid extension permission: resource://pdf.js/
1576699583330	addons.webextension.screenshots@mozilla.org	WARN	Loading extension 'screenshots@mozilla.org': Reading manifest: Invalid extension permission: about:reader*
1576699583562	mozrunner::runner	INFO	Running command: "/usr/bin/firefox" "-marionette" "-foreground" "-no-remote" "-profile" "/tmp/rust_mozprofileSOkFjf"

(firefox:19415): Gtk-WARNING **: 21:06:23.797: Theme directory places/22 of theme light has no size field


(firefox:19415): Gtk-WARNING **: 21:06:23.797: Theme directory places/24 of theme light has no size field

1576699583968	Marionette	INFO	Listening on port 34201
1576699584068	Marionette	WARN	TLS certificate errors will be ignored for this session
1576699584378	addons.webextension.screenshots@mozilla.org	WARN	Loading extension 'screenshots@mozilla.org': Reading manifest: Invalid extension permission: mozillaAddons
1576699584378	addons.webextension.screenshots@mozilla.org	WARN	Loading extension 'screenshots@mozilla.org': Reading manifest: Invalid extension permission: telemetry
1576699584379	addons.webextension.screenshots@mozilla.org	WARN	Loading extension 'screenshots@mozilla.org': Reading manifest: Invalid extension permission: resource://pdf.js/
1576699584379	addons.webextension.screenshots@mozilla.org	WARN	Loading extension 'screenshots@mozilla.org': Reading manifest: Invalid extension permission: about:reader*
1576699584563	mozrunner::runner	INFO	Running command: "/usr/bin/firefox" "-marionette" "-foreground" "-no-remote" "-profile" "/tmp/rust_mozprofile9oRPYz"

(firefox:19579): Gtk-WARNING **: 21:06:24.869: Theme directory places/22 of theme light has no size field


(firefox:19579): Gtk-WARNING **: 21:06:24.869: Theme directory places/24 of theme light has no size field

1576699585085	Marionette	INFO	Listening on port 41589
1576699585171	Marionette	WARN	TLS certificate errors will be ignored for this session
1576699585647	addons.webextension.screenshots@mozilla.org	WARN	Loading extension 'screenshots@mozilla.org': Reading manifest: Invalid extension permission: mozillaAddons
1576699585648	addons.webextension.screenshots@mozilla.org	WARN	Loading extension 'screenshots@mozilla.org': Reading manifest: Invalid extension permission: telemetry
1576699585648	addons.webextension.screenshots@mozilla.org	WARN	Loading extension 'screenshots@mozilla.org': Reading manifest: Invalid extension permission: resource://pdf.js/
1576699585648	addons.webextension.screenshots@mozilla.org	WARN	Loading extension 'screenshots@mozilla.org': Reading manifest: Invalid extension permission: about:reader*
1576699585657	mozrunner::runner	INFO	Running command: "/usr/bin/firefox" "-marionette" "-foreground" "-no-remote" "-profile" "/tmp/rust_mozprofileqRmeDf"
1576699585663	mozrunner::runner	INFO	Running command: "/usr/bin/firefox" "-marionette" "-foreground" "-no-remote" "-profile" "/tmp/rust_mozprofile42w1xl"

(firefox:19760): Gtk-WARNING **: 21:06:26.378: Theme directory places/22 of theme light has no size field


(firefox:19760): Gtk-WARNING **: 21:06:26.379: Theme directory places/24 of theme light has no size field

1576699586749	Marionette	INFO	Listening on port 45157
1576699586827	Marionette	WARN	TLS certificate errors will be ignored for this session
1576699586849	addons.webextension.screenshots@mozilla.org	WARN	Loading extension 'screenshots@mozilla.org': Reading manifest: Invalid extension permission: mozillaAddons
1576699586849	addons.webextension.screenshots@mozilla.org	WARN	Loading extension 'screenshots@mozilla.org': Reading manifest: Invalid extension permission: telemetry
1576699586850	addons.webextension.screenshots@mozilla.org	WARN	Loading extension 'screenshots@mozilla.org': Reading manifest: Invalid extension permission: resource://pdf.js/
1576699586850	addons.webextension.screenshots@mozilla.org	WARN	Loading extension 'screenshots@mozilla.org': Reading manifest: Invalid extension permission: about:reader*
1576699586911	addons.webextension.screenshots@mozilla.org	WARN	Loading extension 'screenshots@mozilla.org': Reading manifest: Invalid extension permission: mozillaAddons
1576699586912	addons.webextension.screenshots@mozilla.org	WARN	Loading extension 'screenshots@mozilla.org': Reading manifest: Invalid extension permission: telemetry
1576699586912	addons.webextension.screenshots@mozilla.org	WARN	Loading extension 'screenshots@mozilla.org': Reading manifest: Invalid extension permission: resource://pdf.js/
1576699586912	addons.webextension.screenshots@mozilla.org	WARN	Loading extension 'screenshots@mozilla.org': Reading manifest: Invalid extension permission: about:reader*

(firefox:19989): Gtk-WARNING **: 21:06:27.479: Theme directory places/22 of theme light has no size field


(firefox:19989): Gtk-WARNING **: 21:06:27.479: Theme directory places/24 of theme light has no size field

1576699587600	mozrunner::runner	INFO	Running command: "/usr/bin/firefox" "-marionette" "-foreground" "-no-remote" "-profile" "/tmp/rust_mozprofileR3q7pt"

(firefox:19988): Gtk-WARNING **: 21:06:27.614: Theme directory places/22 of theme light has no size field


(firefox:19988): Gtk-WARNING **: 21:06:27.614: Theme directory places/24 of theme light has no size field

1576699588153	Marionette	INFO	Listening on port 42693
1576699588217	Marionette	WARN	TLS certificate errors will be ignored for this session
1576699589195	addons.webextension.screenshots@mozilla.org	WARN	Loading extension 'screenshots@mozilla.org': Reading manifest: Invalid extension permission: mozillaAddons
1576699589195	addons.webextension.screenshots@mozilla.org	WARN	Loading extension 'screenshots@mozilla.org': Reading manifest: Invalid extension permission: telemetry
1576699589196	addons.webextension.screenshots@mozilla.org	WARN	Loading extension 'screenshots@mozilla.org': Reading manifest: Invalid extension permission: resource://pdf.js/
1576699589196	addons.webextension.screenshots@mozilla.org	WARN	Loading extension 'screenshots@mozilla.org': Reading manifest: Invalid extension permission: about:reader*

(firefox:20304): Gtk-WARNING **: 21:06:30.129: Theme directory places/22 of theme light has no size field


(firefox:20304): Gtk-WARNING **: 21:06:30.129: Theme directory places/24 of theme light has no size field

1576699590285	Marionette	INFO	Listening on port 41369
1576699590323	Marionette	WARN	TLS certificate errors will be ignored for this session
1576699591592	Marionette	INFO	Listening on port 40523
1576699591668	Marionette	WARN	TLS certificate errors will be ignored for this session
[ERROR audio_thread_priority::rt_linux] setrlimit64: 1
1576699591948	Marionette	INFO	Listening on port 34095
1576699592016	Marionette	WARN	TLS certificate errors will be ignored for this session
1576699594689	Marionette	INFO	Listening on port 34473
1576699594736	Marionette	WARN	TLS certificate errors will be ignored for this session
1576700138818	Marionette	INFO	Stopped listening on port 41589
1576700138828	Marionette	INFO	Stopped listening on port 34473
1576700138980	Marionette	INFO	Stopped listening on port 42693
1576700138992	Marionette	INFO	Stopped listening on port 38049
1576700138992	Marionette	INFO	Stopped listening on port 41369
1576700139011	Marionette	INFO	Stopped listening on port 34095

###!!! [Child][RunMessage] Error: Channel closing: too late to send/recv, messages will be lost

[Child 19595, Chrome_ChildThread] WARNING: pipe error (3): Connection reset by peer: file /build/firefox-AWfb_V/firefox-71.0+build5/ipc/chromium/src/chrome/common/ipc_channel_posix.cc, line 358
[Parent 19250, Gecko_IOThread] WARNING: pipe error (76): Connection reset by peer: file /build/firefox-AWfb_V/firefox-71.0+build5/ipc/chromium/src/chrome/common/ipc_channel_posix.cc, line 358
IPDL protocol error: Handler returned error code!

###!!! [Parent][DispatchAsyncMessage] Error: PLayerTransaction::Msg_ReleaseLayer Processing error: message was deserialized, but the handler returned false (indicating failure)

[Parent 20304, Gecko_IOThread] WARNING: pipe error (77): Connection reset by peer: file /build/firefox-AWfb_V/firefox-71.0+build5/ipc/chromium/src/chrome/common/ipc_channel_posix.cc, line 358
1576700139179	Marionette	INFO	Stopped listening on port 34201
[Parent 19579, Gecko_IOThread] WARNING: pipe error (76): Connection reset by peer: file /build/firefox-AWfb_V/firefox-71.0+build5/ipc/chromium/src/chrome/common/ipc_channel_posix.cc, line 358
[Parent 19988, Gecko_IOThread] WARNING: pipe error (76): Connection reset by peer: file /build/firefox-AWfb_V/firefox-71.0+build5/ipc/chromium/src/chrome/common/ipc_channel_posix.cc, line 358
[Parent 18921, Gecko_IOThread] WARNING: pipe error (76): Connection reset by peer: file /build/firefox-AWfb_V/firefox-71.0+build5/ipc/chromium/src/chrome/common/ipc_channel_posix.cc, line 358
IPDL protocol error: Handler returned error code!

###!!! [Parent][DispatchAsyncMessage] Error: PLayerTransaction::Msg_ReleaseLayer Processing error: message was deserialized, but the handler returned false (indicating failure)


###!!! [Child][MessageChannel] Error: (msgtype=0x670029,name=PNecko::Msg_RemoveRequestContext) Channel closing: too late to send/recv, messages will be lost


###!!! [Child][RunMessage] Error: Channel closing: too late to send/recv, messages will be lost

[Parent 19760, Gecko_IOThread] WARNING: pipe error (76): Connection reset by peer: file /build/firefox-AWfb_V/firefox-71.0+build5/ipc/chromium/src/chrome/common/ipc_channel_posix.cc, line 358
IPDL protocol error: Handler returned error code!

###!!! [Parent][DispatchAsyncMessage] Error: PLayerTransaction::Msg_ReleaseLayer Processing error: message was deserialized, but the handler returned false (indicating failure)

[Parent 19077, Gecko_IOThread] WARNING: pipe error (76): Connection reset by peer: file /build/firefox-AWfb_V/firefox-71.0+build5/ipc/chromium/src/chrome/common/ipc_channel_posix.cc, line 358
1576700139518	Marionette	INFO	Stopped listening on port 40523
1576700139564	Marionette	INFO	Stopped listening on port 45157
1576700139598	Marionette	INFO	Stopped listening on port 41811
[Parent 19989, Gecko_IOThread] WARNING: pipe error (76): Connection reset by peer: file /build/firefox-AWfb_V/firefox-71.0+build5/ipc/chromium/src/chrome/common/ipc_channel_posix.cc, line 358
[Parent 19989, Gecko_IOThread] WARNING: pipe error (96): Connection reset by peer: file /build/firefox-AWfb_V/firefox-71.0+build5/ipc/chromium/src/chrome/common/ipc_channel_posix.cc, line 358
[Parent 19415, Gecko_IOThread] WARNING: pipe error (76): Connection reset by peer: file /build/firefox-AWfb_V/firefox-71.0+build5/ipc/chromium/src/chrome/common/ipc_channel_posix.cc, line 358

###!!! [Child][RunMessage] Error: Channel closing: too late to send/recv, messages will be lost

[Child 19795, Chrome_ChildThread] WARNING: pipe error (3): Connection reset by peer: file /build/firefox-AWfb_V/firefox-71.0+build5/ipc/chromium/src/chrome/common/ipc_channel_posix.cc, line 358

###!!! [Child][RunMessage] Error: Channel closing: too late to send/recv, messages will be lost

[Parent 18864, Gecko_IOThread] WARNING: pipe error (76): Connection reset by peer: file /build/firefox-AWfb_V/firefox-71.0+build5/ipc/chromium/src/chrome/common/ipc_channel_posix.cc, line 358
